============================= test session starts ==============================
platform darwin -- Python 3.11.4, pytest-9.1.1, pluggy-1.6.0 -- /Users/jaypatel/Projects/retail-data-engineering-platform/.venv/bin/python
cachedir: .pytest_cache
rootdir: /Users/jaypatel/Projects/retail-data-engineering-platform
plugins: anyio-4.14.2, Faker-40.36.0
collecting ... collected 0 items / 1 error

==================================== ERRORS ====================================
__________________ ERROR collecting tests/api/test_health.py ___________________
ImportError while importing test module '/Users/jaypatel/Projects/retail-data-engineering-platform/tests/api/test_health.py'.
Hint: make sure your test modules/packages have valid Python names.
Traceback:
.venv/lib/python3.11/site-packages/_pytest/python.py:508: in importtestmodule
    mod = import_path(
.venv/lib/python3.11/site-packages/_pytest/pathlib.py:596: in import_path
    importlib.import_module(module_name)
/Library/Frameworks/Python.framework/Versions/3.11/lib/python3.11/importlib/__init__.py:126: in import_module
    return _bootstrap._gcd_import(name[level:], package, level)
           ^^^^^^^^^^^^^^^^^^^^^^^^^^^^^^^^^^^^^^^^^^^^^^^^^^^^
<frozen importlib._bootstrap>:1204: in _gcd_import
    ???
<frozen importlib._bootstrap>:1176: in _find_and_load
    ???
<frozen importlib._bootstrap>:1147: in _find_and_load_unlocked
    ???
<frozen importlib._bootstrap>:690: in _load_unlocked
    ???
.venv/lib/python3.11/site-packages/_pytest/assertion/rewrite.py:188: in exec_module
    exec(co, module.__dict__)
tests/api/test_health.py:3: in <module>
    from api.main import app
E   ModuleNotFoundError: No module named 'api.main'
=============================== warnings summary ===============================
.venv/lib/python3.11/site-packages/fastapi/testclient.py:1
  /Users/jaypatel/Projects/retail-data-engineering-platform/.venv/lib/python3.11/site-packages/fastapi/testclient.py:1: StarletteDeprecationWarning: Using `httpx` with `starlette.testclient` is deprecated; install `httpx2` instead.
    from starlette.testclient import TestClient as TestClient  # noqa

-- Docs: https://docs.pytest.org/en/stable/how-to/capture-warnings.html
=========================== short test summary info ============================
ERROR tests/api/test_health.py
!!!!!!!!!!!!!!!!!!!! Interrupted: 1 error during collection !!!!!!!!!!!!!!!!!!!!
========================= 1 warning, 1 error in 0.27s ==========================
